<?xml version="1.0" encoding="UTF-8"?>
<!-- Generated by org.testng.reporters.JUnitReportReporter -->
<testsuite hostname="DESKTOP-H1HHHEA" failures="0" tests="1" name="seleniumssss.LoginLogout" time="4.759" errors="0" timestamp="2023-02-09T01:24:45 EST" skipped="0">
  <testcase classname="seleniumssss.LoginLogout" name="openbrowser" time="4.759"/>
  <system-out/>
</testsuite> <!-- seleniumssss.LoginLogout -->
